<?xml version="1.0" encoding="UTF-8"?>
<!-- Generated by org.testng.reporters.JUnitReportReporter -->
<testsuite hostname="CHE-LP-TAMILPB" failures="0" tests="1" name="runner.RunCukesTest" time="22.389" errors="0" timestamp="2024-05-06T17:05:48 IST" skipped="0">
  <testcase classname="runner.RunCukesTest" name="runScenario" time="22.389"/>
  <system-out/>
</testsuite> <!-- runner.RunCukesTest -->
